02-07-2022 @ 12:59:14 - 3.1.0 - No subscription webhooks found using API version 3. No updates needed.
02-07-2022 @ 12:59:15 - 3.1.6 upgrade complete from Subscriptions v0 while WooCommerce WC_VERSION 6.1.1 and database version 6.1.1 was active.
02-07-2022 @ 12:59:15 - Environment info:
02-07-2022 @ 12:59:15 -     WordPress Version : 5.9
02-07-2022 @ 12:59:15 - Active Plugins:
02-07-2022 @ 12:59:15 -     Elementor by Elementor.com – 3.5.5
02-07-2022 @ 12:59:15 -     EnvoThemes Demo Import by EnvoThemes – 1.2.2
02-07-2022 @ 12:59:15 -     Formidable Forms by Strategy11 – 5.1
02-07-2022 @ 12:59:15 -     Kirki Customizer Framework by David Vongries – 3.1.9
02-07-2022 @ 12:59:15 -     WooCommerce Payments by Automattic – 3.6.1
02-07-2022 @ 12:59:15 - 3.1.6 upgrade complete from Subscriptions v0 while WooCommerce WC_VERSION 6.1.1 and database version 6.1.1 was active.
02-07-2022 @ 12:59:15 -     WooCommerce by Automattic – 6.1.1
02-07-2022 @ 12:59:15 - Environment info:
02-07-2022 @ 12:59:15 -     WordPress Version : 5.9
02-07-2022 @ 12:59:15 - Active Plugins:
02-07-2022 @ 12:59:15 -     Elementor by Elementor.com – 3.5.5
02-07-2022 @ 12:59:15 -     EnvoThemes Demo Import by EnvoThemes – 1.2.2
02-07-2022 @ 12:59:15 -     Formidable Forms by Strategy11 – 5.1
02-07-2022 @ 12:59:15 -     Kirki Customizer Framework by David Vongries – 3.1.9
02-07-2022 @ 12:59:15 -     WooCommerce Payments by Automattic – 3.6.1
02-07-2022 @ 12:59:15 -     WooCommerce by Automattic – 6.1.1
